Arguments: 
  /Users/user/.nvm/versions/node/v16.13.0/bin/node /Users/user/.yarn/bin/yarn.js

PATH: 
  /Users/user/.yarn/bin:/Users/user/.config/yarn/global/node_modules/.bin:/Users/user/.nvm/versions/node/v16.13.0/bin:/opt/local/bin:/opt/local/sbin:/usr/local/bin:/usr/bin:/bin:/usr/sbin:/sbin:/opt/X11/bin:/Users/user/.yarn/bin:/Users/user/.config/yarn/global/node_modules/.bin:/opt/local/bin:/opt/local/sbin

Yarn version: 
  1.22.18

Node version: 
  16.13.0

Platform: 
  darwin x64

Trace: 
  SyntaxError: /Users/user/git/_e-factura/REST-ANAF/package.json: Unexpected token } in JSON at position 260
      at JSON.parse (<anonymous>)
      at /Users/user/.yarn/lib/cli.js:1625:59
      at Generator.next (<anonymous>)
      at step (/Users/user/.yarn/lib/cli.js:310:30)
      at /Users/user/.yarn/lib/cli.js:321:13

npm manifest: 
  {
    "name": "e-factura-rest-api",
    "version": "1.0.0",
    "description": "check fact transmission and multiple occurences",
    "main": "index.js",
    "scripts": {
      "test": "echo \"Error: no test specified\" && exit 1"
    },
    "author": "",
    "license": "ISC",
  }

yarn manifest: 
  No manifest

Lockfile: 
  No lockfile
